<?xml version="1.0" encoding="UTF-8" ?>
<testsuite errors="0" failures="0" hostname="manjaro-linux-os" name="Beans.HitsDataTest" skipped="0" tests="1" time="0.121" timestamp="2022-05-04T10:49:52">
  <properties>
    <property name="ant.library.dir" value="/usr/share/ant/lib" />
    <property name="awt.toolkit" value="sun.awt.X11.XToolkit" />
    <property name="ant.file.type" value="file" />
    <property name="java.specification.version" value="11" />
    <property name="scp.port" value="2222" />
    <property name="ant.project.name" value="weblab3" />
    <property name="sun.cpu.isalist" value="" />
    <property name="sun.jnu.encoding" value="UTF-8" />
    <property name="java.class.path" value="/home/callmepedro/Documents/labs/mispi/lab3/Web-lab3/lib/hamcrest-all-1.3.jar:/home/callmepedro/Documents/labs/mispi/lab3/Web-lab3/lib/junit-4.13.2.jar:/home/callmepedro/Documents/labs/mispi/lab3/Web-lab3/build:/usr/share/java/ant/ant-launcher.jar:/usr/share/ant/lib/ant.jar:/usr/share/ant/lib/ant-junit.jar:/usr/share/ant/lib/ant-junit4.jar" />
    <property name="java.vm.vendor" value="Oracle Corporation" />
    <property name="sun.arch.data.model" value="64" />
    <property name="java.vendor.url" value="https://openjdk.java.net/" />
    <property name="user.timezone" value="" />
    <property name="os.name" value="Linux" />
    <property name="java.vm.specification.version" value="11" />
    <property name="scp.password" value="" />
    <property name="user.country" value="RU" />
    <property name="sun.java.launcher" value="SUN_STANDARD" />
    <property name="sun.boot.library.path" value="/usr/lib/jvm/java-11-openjdk/lib" />
    <property name="sun.java.command" value="org.apache.tools.ant.taskdefs.optional.junit.JUnitTestRunner Beans.HitsDataTest skipNonTests=false filtertrace=true haltOnError=false haltOnFailure=true formatter=org.apache.tools.ant.taskdefs.optional.junit.SummaryJUnitResultFormatter showoutput=false outputtoformatters=true logfailedtests=true threadid=0 logtestlistenerevents=false formatter=org.apache.tools.ant.taskdefs.optional.junit.XMLJUnitResultFormatter,/home/callmepedro/Documents/labs/mispi/lab3/Web-lab3/report/TEST-Beans.HitsDataTest.xml crashfile=/home/callmepedro/Documents/labs/mispi/lab3/Web-lab3/junitvmwatcher14892812213174633175.properties propsfile=/home/callmepedro/Documents/labs/mispi/lab3/Web-lab3/junit2529002037072877665.properties" />
    <property name="jdk.debug" value="release" />
    <property name="test.dir" value="/home/callmepedro/Documents/labs/mispi/lab3/Web-lab3/src/test/java" />
    <property name="sun.cpu.endian" value="little" />
    <property name="user.home" value="/home/callmepedro" />
    <property name="user.language" value="ru" />
    <property name="java.specification.vendor" value="Oracle Corporation" />
    <property name="java.version.date" value="2022-04-19" />
    <property name="java.home" value="/usr/lib/jvm/java-11-openjdk" />
    <property name="file.separator" value="/" />
    <property name="basedir" value="/home/callmepedro/Documents/labs/mispi/lab3/Web-lab3" />
    <property name="java.vm.compressedOopsMode" value="Zero based" />
    <property name="line.separator" value="&#xa;" />
    <property name="ant.java.version" value="11" />
    <property name="java.specification.name" value="Java Platform API Specification" />
    <property name="java.vm.specification.vendor" value="Oracle Corporation" />
    <property name="scp.dest" value="~" />
    <property name="java.awt.graphicsenv" value="sun.awt.X11GraphicsEnvironment" />
    <property name="scp.host" value="helios.cs.ifmo.ru" />
    <property name="sun.management.compiler" value="HotSpot 64-Bit Tiered Compilers" />
    <property name="java.runtime.version" value="11.0.15+3" />
    <property name="user.name" value="callmepedro" />
    <property name="ant.file" value="/home/callmepedro/Documents/labs/mispi/lab3/Web-lab3/build.xml" />
    <property name="path.separator" value=":" />
    <property name="os.version" value="5.10.102-1-MANJARO" />
    <property name="java.runtime.name" value="OpenJDK Runtime Environment" />
    <property name="file.encoding" value="UTF-8" />
    <property name="scp.user" value="s311698" />
    <property name="ant.project.invoked-targets" value="report" />
    <property name="java.vm.name" value="OpenJDK 64-Bit Server VM" />
    <property name="ant.file.weblab3" value="/home/callmepedro/Documents/labs/mispi/lab3/Web-lab3/build.xml" />
    <property name="report.dir" value="/home/callmepedro/Documents/labs/mispi/lab3/Web-lab3/report" />
    <property name="build.dir" value="/home/callmepedro/Documents/labs/mispi/lab3/Web-lab3/build" />
    <property name="ant.core.lib" value="/usr/share/ant/lib/ant.jar" />
    <property name="java.vendor.url.bug" value="https://bugreport.java.com/bugreport/" />
    <property name="java.io.tmpdir" value="/tmp" />
    <property name="java.version" value="11.0.15" />
    <property name="user.dir" value="/home/callmepedro/Documents/labs/mispi/lab3/Web-lab3" />
    <property name="os.arch" value="amd64" />
    <property name="java.vm.specification.name" value="Java Virtual Machine Specification" />
    <property name="java.awt.printerjob" value="sun.print.PSPrinterJob" />
    <property name="ant.home" value="/usr/share/ant" />
    <property name="lib.dir" value="/home/callmepedro/Documents/labs/mispi/lab3/Web-lab3/lib" />
    <property name="sun.os.patch.level" value="unknown" />
    <property name="ant.version" value="Apache Ant(TM) version 1.10.12 compiled on January 21 1970" />
    <property name="java.library.path" value="/usr/java/packages/lib:/usr/lib64:/lib64:/lib:/usr/lib" />
    <property name="java.vendor" value="Oracle Corporation" />
    <property name="java.vm.info" value="mixed mode" />
    <property name="java.vm.version" value="11.0.15+3" />
    <property name="sun.io.unicode.encoding" value="UnicodeLittle" />
    <property name="java.class.version" value="55.0" />
    <property name="src.dir" value="/home/callmepedro/Documents/labs/mispi/lab3/Web-lab3/src/main/java" />
    <property name="ant.file.type.weblab3" value="file" />
    <property name="ant.project.default-target" value="build" />
  </properties>
  <testcase classname="Beans.HitsDataTest" name="test" time="0.003" />
  <system-out><![CDATA[]]></system-out>
  <system-err><![CDATA[]]></system-err>
</testsuite>
