<?xml version="1.0" encoding="UTF-8" ?>
<testsuite errors="0" failures="0" hostname="manjaro-linux-os" name="Beans.HitsDataTest" skipped="0" tests="1" time="0.098" timestamp="2022-05-04T10:22:48">
  <properties>
    <property name="ant.library.dir" value="/home/callmepedro/Downloads/idea-IU-202.7660.26/lib/ant/lib" />
    <property name="ant.file.type" value="file" />
    <property name="java.specification.version" value="15" />
    <property name="ant.project.name" value="weblab3" />
    <property name="sun.jnu.encoding" value="UTF-8" />
    <property name="java.class.path" value="/home/callmepedro/Documents/labs/mispi/lab3/Web-lab3/lib/hamcrest-all-1.3.jar:/home/callmepedro/Documents/labs/mispi/lab3/Web-lab3/lib/junit-4.13.2.jar:/home/callmepedro/Documents/labs/mispi/lab3/Web-lab3/build:/home/callmepedro/Downloads/idea-IU-202.7660.26/lib/ant/lib/ant-launcher.jar:/home/callmepedro/Downloads/idea-IU-202.7660.26/lib/ant/lib/ant.jar:/home/callmepedro/Downloads/idea-IU-202.7660.26/lib/ant/lib/ant-junit.jar:/home/callmepedro/Downloads/idea-IU-202.7660.26/lib/ant/lib/ant-junit4.jar" />
    <property name="java.vm.vendor" value="Amazon.com Inc." />
    <property name="sun.arch.data.model" value="64" />
    <property name="java.vendor.url" value="https://aws.amazon.com/corretto/" />
    <property name="java.vm.specification.version" value="15" />
    <property name="os.name" value="Linux" />
    <property name="user.country" value="RU" />
    <property name="sun.java.launcher" value="SUN_STANDARD" />
    <property name="sun.boot.library.path" value="/home/callmepedro/.jdks/corretto-15.0.2/lib" />
    <property name="sun.java.command" value="org.apache.tools.ant.taskdefs.optional.junit.JUnitTestRunner Beans.HitsDataTest skipNonTests=false filtertrace=true haltOnError=false haltOnFailure=true formatter=org.apache.tools.ant.taskdefs.optional.junit.SummaryJUnitResultFormatter showoutput=false outputtoformatters=true logfailedtests=true threadid=0 logtestlistenerevents=false formatter=org.apache.tools.ant.taskdefs.optional.junit.XMLJUnitResultFormatter,/home/callmepedro/Documents/labs/mispi/lab3/Web-lab3/report/TEST-Beans.HitsDataTest.xml crashfile=/home/callmepedro/Documents/labs/mispi/lab3/Web-lab3/junitvmwatcher6714131531793609589.properties propsfile=/home/callmepedro/Documents/labs/mispi/lab3/Web-lab3/junit12919595627941647257.properties" />
    <property name="jdk.debug" value="release" />
    <property name="sun.cpu.endian" value="little" />
    <property name="test.dir" value="/home/callmepedro/Documents/labs/mispi/lab3/Web-lab3/src/test/java" />
    <property name="user.home" value="/home/callmepedro" />
    <property name="user.language" value="ru" />
    <property name="java.specification.vendor" value="Oracle Corporation" />
    <property name="java.version.date" value="2021-01-19" />
    <property name="java.home" value="/home/callmepedro/.jdks/corretto-15.0.2" />
    <property name="file.separator" value="/" />
    <property name="basedir" value="/home/callmepedro/Documents/labs/mispi/lab3/Web-lab3" />
    <property name="java.vm.compressedOopsMode" value="Zero based" />
    <property name="line.separator" value="&#xa;" />
    <property name="ant.java.version" value="15" />
    <property name="java.specification.name" value="Java Platform API Specification" />
    <property name="java.vm.specification.vendor" value="Oracle Corporation" />
    <property name="sun.management.compiler" value="HotSpot 64-Bit Tiered Compilers" />
    <property name="java.runtime.version" value="15.0.2+7" />
    <property name="user.name" value="callmepedro" />
    <property name="ant.file" value="/home/callmepedro/Documents/labs/mispi/lab3/Web-lab3/build.xml" />
    <property name="path.separator" value=":" />
    <property name="os.version" value="5.10.102-1-MANJARO" />
    <property name="java.runtime.name" value="OpenJDK Runtime Environment" />
    <property name="ant.project.invoked-targets" value="report" />
    <property name="file.encoding" value="UTF-8" />
    <property name="java.vm.name" value="OpenJDK 64-Bit Server VM" />
    <property name="ant.file.weblab3" value="/home/callmepedro/Documents/labs/mispi/lab3/Web-lab3/build.xml" />
    <property name="java.vendor.version" value="Corretto-15.0.2.7.1" />
    <property name="report.dir" value="/home/callmepedro/Documents/labs/mispi/lab3/Web-lab3/report" />
    <property name="build.dir" value="/home/callmepedro/Documents/labs/mispi/lab3/Web-lab3/build" />
    <property name="ant.core.lib" value="/home/callmepedro/Downloads/idea-IU-202.7660.26/lib/ant/lib/ant.jar" />
    <property name="java.vendor.url.bug" value="https://github.com/corretto/corretto-jdk/issues/" />
    <property name="java.io.tmpdir" value="/tmp" />
    <property name="java.version" value="15.0.2" />
    <property name="user.dir" value="/home/callmepedro/Documents/labs/mispi/lab3/Web-lab3" />
    <property name="os.arch" value="amd64" />
    <property name="java.vm.specification.name" value="Java Virtual Machine Specification" />
    <property name="ant.home" value="/home/callmepedro/Downloads/idea-IU-202.7660.26/lib/ant" />
    <property name="lib.dir" value="/home/callmepedro/Documents/labs/mispi/lab3/Web-lab3/lib" />
    <property name="ant.version" value="Apache Ant(TM) version 1.10.5 compiled on July 10 2018" />
    <property name="java.library.path" value="/usr/java/packages/lib:/usr/lib64:/lib64:/lib:/usr/lib" />
    <property name="java.vm.info" value="mixed mode, sharing" />
    <property name="java.vendor" value="Amazon.com Inc." />
    <property name="java.vm.version" value="15.0.2+7" />
    <property name="sun.io.unicode.encoding" value="UnicodeLittle" />
    <property name="java.class.version" value="59.0" />
    <property name="src.dir" value="/home/callmepedro/Documents/labs/mispi/lab3/Web-lab3/src/main/java" />
    <property name="ant.file.type.weblab3" value="file" />
    <property name="ant.project.default-target" value="build" />
  </properties>
  <testcase classname="Beans.HitsDataTest" name="test" time="0.003" />
  <system-out><![CDATA[]]></system-out>
  <system-err><![CDATA[]]></system-err>
</testsuite>
